20:52:03:234 (00006108) > [Startup] Ghost of Tsushima DIRECTOR'S CUT
20:52:03:234 (00006108) > [Startup] ==============
20:52:03:234 (00006108) > [Startup] 
20:52:03:234 (00006108) > [Startup] Build: v1053.8.1023.1614
20:52:03:234 (00006108) > [Startup] Windows 10.0 (build 19045.6466)
20:52:03:234 (00006108) > [Startup] Distribution platform: Epic
20:52:03:234 (00006108) > [Startup] Game directory: C:\Users\<username>\Documents\Ghost of Tsushima DIRECTOR'S CUT\
20:52:03:234 (00006108) > [Startup] Working directory: D:\Crack\Ghost.of.Tsushima.DIRECTORS.CUT.Build.27102025-OFME\Ghost of Tsushima DIRECTORS CUT
20:52:03:234 (00006108) > [Startup] Run ID: FFA0-F7F4-31FD-01B8
20:52:03:234 (00006108) > [Startup] 
20:52:03:234 (00006108) > [Startup] Memory statistics:
20:52:03:234 (00006108) > [Startup]   Total RAM = 15.9 GB (16306 MB)
20:52:03:234 (00006108) > [Startup]   Avail RAM = 10.5 GB (10747 MB)
20:52:03:234 (00006108) > [Startup]   Total virtual memory = 131072.0 GB (134217727 MB)
20:52:03:234 (00006108) > [Startup]   Avail virtual memory = 131066.7 GB (134212307 MB)
20:52:03:234 (00006108) > [Startup]   Total page file = 25.4 GB (26034 MB)
20:52:03:234 (00006108) > [Startup]   Avail page file = 18.8 GB (19258 MB)
20:52:03:234 (00006108) > [Startup] 
20:52:03:234 (00006108) > [Epic] Initializing Epic SDK.
20:52:03:243 (00006108) > [Epic] Initialized. Setting Logging Callback ...
20:52:03:243 (00006108) > [Epic] Logging Callback Set
20:52:03:243 (00006108) > [Epic] Creating platform.
20:52:03:607 (00006108) > [Epic] Platform created.
20:52:04:213 (00006108) > [CRS] Client ID: eae5ed5e-384c-4394-8813-24e3e2f516ba
20:52:04:213 (00006108) > [CRS] Session ID: d66a4134-cd5e-44f5-9013-9253e1536bd4
20:52:04:896 (00006108) > [NxApp] PreInit
20:52:04:896 (00006108) > [NxProcessorInfo] Processor info:
20:52:04:896 (00006108) > [NxProcessorInfo] 	Description:             	Intel(R) Core(TM) i5-10400F CPU @ 2.90GHz
20:52:04:896 (00006108) > [NxProcessorInfo] 	NumaNode Count:    	0
20:52:04:896 (00006108) > [NxProcessorInfo] 	Group Count:       	1
20:52:04:896 (00006108) > [NxProcessorInfo] 	Physical Core:     	6
20:52:04:896 (00006108) > [NxProcessorInfo] 	Logical  Core:     	12
20:52:04:896 (00006108) > [NxProcessorInfo] 	Distinct L3 Cache: 	1
20:52:04:896 (00006108) > [NxProcessorInfo] 	Family:            	6
20:52:04:896 (00006108) > [NxProcessorInfo] 	Model:             	165
20:52:04:896 (00006108) > [NxProcessorInfo] 	Name:              	Intel(R) Core(TM) i5-10400F CPU @ 2.90GHz
20:52:04:896 (00006108) > [NxProcessorInfo] 	AVX:               	1
20:52:04:896 (00006108) > [NxProcessorInfo] 	F16C:              	1
20:52:04:896 (00006108) > [NxProcessorInfo] 	AVX2:              	1
20:52:04:896 (00006108) > [NxProcessorInfo] 	NormalAffinity(auto)
20:52:04:896 (00006108) > [SwapChain] Initializing...
20:52:04:896 (00006108) > [DXGI] Initializing...
20:52:07:721 (00006108) > [NxApp] Streamline was successfully initialized.
20:52:07:722 (00006108) > [DXGI] Successfully initialized.
20:52:07:722 (00006108) > [Render] Enumerating adapters:
20:52:07:722 (00006108) > [Render] 	Adapter 0:
20:52:07:722 (00006108) > [Monitor] 		Description             : NVIDIA GeForce RTX 3050
20:52:07:722 (00006108) > [Monitor] 		Vendor                  : nVidia (10de)
20:52:07:722 (00006108) > [Monitor] 		Device                  : 2507
20:52:07:722 (00006108) > [Monitor] 		Sub system              : 250710de
20:52:07:722 (00006108) > [Monitor] 		Revision                : 161
20:52:07:722 (00006108) > [Monitor] 		Dedicated Video Memory  : 8042 MB
20:52:07:722 (00006108) > [Monitor] 		Dedicated System Memory : 0000 MB
20:52:07:722 (00006108) > [Monitor] 		Shared System Memory    : 8153 MB
20:52:07:722 (00006108) > [Monitor] 
20:52:07:722 (00006108) > [Render] Loading NVAPI...
20:52:07:730 (00006108) > [Render] Done loading NVAPI
20:52:07:730 (00006108) > [Render] 	Adapter 1:
20:52:07:730 (00006108) > [Monitor] 		Description             : Microsoft Basic Render Driver
20:52:07:730 (00006108) > [Monitor] 		Vendor                  : Unknown (1414)
20:52:07:730 (00006108) > [Monitor] 		Device                  : 8c
20:52:07:730 (00006108) > [Monitor] 		Sub system              : 0
20:52:07:730 (00006108) > [Monitor] 		Revision                : 0
20:52:07:730 (00006108) > [Monitor] 		Dedicated Video Memory  : 0000 MB
20:52:07:730 (00006108) > [Monitor] 		Dedicated System Memory : 0000 MB
20:52:07:730 (00006108) > [Monitor] 		Shared System Memory    : 8153 MB
20:52:07:730 (00006108) > [Monitor] 
20:52:07:730 (00006108) > [Render] Enumerating monitors:
20:52:07:730 (00006108) > [Render] 	Monitor 0: handle = 0000000000010001, aspect = 1.78, rounded aspect = 1.78
20:52:07:730 (00006108) > [Render] 
20:52:07:732 (00006108) > [Render] 	Monitor handle = 0000000000010001, pixel aspect ratio = 1.00
20:52:07:732 (00006108) > [SwapChain] Successfully initialized.
20:52:07:732 (00006108) > [Render] Enumerating Display Modes:
20:52:07:733 (00006108) > [Render] Querying NVAPI for Surround modes
20:52:07:798 (00006108) > [Render] NvAPI_Mosaic_GetDisplayViewportsByResolution() - no surround modes detected
20:52:07:798 (00006108) > [Render] 	Monitor '1 (NVIDIA GeForce RTX 3050(1))' (0000000000010001): rect(0 2560 0 1440)
20:52:07:798 (00006108) > [Render] 		- Mode  0 :  800 x  600 @  75 Hz, stereo = 0, hdr = 0 exclusive = 0
20:52:07:798 (00006108) > [Render] 		- Mode  1 :  800 x  600 @  56 Hz, stereo = 0, hdr = 0 exclusive = 0
20:52:07:798 (00006108) > [Render] 		- Mode  2 :  800 x  600 @  60 Hz, stereo = 0, hdr = 0 exclusive = 0
20:52:07:798 (00006108) > [Render] 		- Mode  3 :  800 x  600 @  72 Hz, stereo = 0, hdr = 0 exclusive = 0
20:52:07:798 (00006108) > [Render] 		- Mode  4 : 1024 x  768 @  60 Hz, stereo = 0, hdr = 0 exclusive = 0
20:52:07:798 (00006108) > [Render] 		- Mode  5 : 1024 x  768 @  70 Hz, stereo = 0, hdr = 0 exclusive = 0
20:52:07:798 (00006108) > [Render] 		- Mode  6 : 1024 x  768 @  75 Hz, stereo = 0, hdr = 0 exclusive = 0
20:52:07:798 (00006108) > [Render] 		- Mode  7 : 1152 x  864 @  60 Hz, stereo = 0, hdr = 0 exclusive = 0
20:52:07:798 (00006108) > [Render] 		- Mode  8 : 1152 x  864 @  60 Hz, stereo = 0, hdr = 0 exclusive = 0
20:52:07:798 (00006108) > [Render] 		- Mode  9 : 1176 x  664 @  50 Hz, stereo = 0, hdr = 0 exclusive = 0
20:52:07:798 (00006108) > [Render] 		- Mode 10 : 1176 x  664 @  50 Hz, stereo = 0, hdr = 0 exclusive = 0
20:52:07:798 (00006108) > [Render] 		- Mode 11 : 1176 x  664 @  60 Hz, stereo = 0, hdr = 0 exclusive = 0
20:52:07:798 (00006108) > [Render] 		- Mode 12 : 1176 x  664 @  60 Hz, stereo = 0, hdr = 0 exclusive = 0
20:52:07:798 (00006108) > [Render] 		- Mode 13 : 1176 x  664 @  60 Hz, stereo = 0, hdr = 0 exclusive = 0
20:52:07:798 (00006108) > [Render] 		- Mode 14 : 1176 x  664 @  60 Hz, stereo = 0, hdr = 0 exclusive = 0
20:52:07:798 (00006108) > [Render] 		- Mode 15 : 1280 x  720 @  50 Hz, stereo = 0, hdr = 0 exclusive = 0
20:52:07:798 (00006108) > [Render] 		- Mode 16 : 1280 x  720 @  60 Hz, stereo = 0, hdr = 0 exclusive = 0
20:52:07:798 (00006108) > [Render] 		- Mode 17 : 1280 x  720 @  60 Hz, stereo = 0, hdr = 0 exclusive = 0
20:52:07:798 (00006108) > [Render] 		- Mode 18 : 1280 x  768 @  60 Hz, stereo = 0, hdr = 0 exclusive = 0
20:52:07:798 (00006108) > [Render] 		- Mode 19 : 1280 x  768 @  60 Hz, stereo = 0, hdr = 0 exclusive = 0
20:52:07:798 (00006108) > [Render] 		- Mode 20 : 1280 x  800 @  60 Hz, stereo = 0, hdr = 0 exclusive = 0
20:52:07:798 (00006108) > [Render] 		- Mode 21 : 1280 x  800 @  60 Hz, stereo = 0, hdr = 0 exclusive = 0
20:52:07:798 (00006108) > [Render] 		- Mode 22 : 1280 x  960 @  60 Hz, stereo = 0, hdr = 0 exclusive = 0
20:52:07:798 (00006108) > [Render] 		- Mode 23 : 1280 x  960 @  60 Hz, stereo = 0, hdr = 0 exclusive = 0
20:52:07:798 (00006108) > [Render] 		- Mode 24 : 1280 x  960 @  75 Hz, stereo = 0, hdr = 0 exclusive = 0
20:52:07:798 (00006108) > [Render] 		- Mode 25 : 1280 x  960 @  75 Hz, stereo = 0, hdr = 0 exclusive = 0
20:52:07:798 (00006108) > [Render] 		- Mode 26 : 1280 x 1024 @  60 Hz, stereo = 0, hdr = 0 exclusive = 0
20:52:07:798 (00006108) > [Render] 		- Mode 27 : 1280 x 1024 @  75 Hz, stereo = 0, hdr = 0 exclusive = 0
20:52:07:798 (00006108) > [Render] 		- Mode 28 : 1360 x  768 @  60 Hz, stereo = 0, hdr = 0 exclusive = 0
20:52:07:798 (00006108) > [Render] 		- Mode 29 : 1360 x  768 @  60 Hz, stereo = 0, hdr = 0 exclusive = 0
20:52:07:798 (00006108) > [Render] 		- Mode 30 : 1366 x  768 @  60 Hz, stereo = 0, hdr = 0 exclusive = 0
20:52:07:798 (00006108) > [Render] 		- Mode 31 : 1366 x  768 @  60 Hz, stereo = 0, hdr = 0 exclusive = 0
20:52:07:798 (00006108) > [Render] 		- Mode 32 : 1440 x  900 @  60 Hz, stereo = 0, hdr = 0 exclusive = 0
20:52:07:798 (00006108) > [Render] 		- Mode 33 : 1440 x 1080 @  24 Hz, stereo = 0, hdr = 0 exclusive = 0
20:52:07:798 (00006108) > [Render] 		- Mode 34 : 1440 x 1080 @  24 Hz, stereo = 0, hdr = 0 exclusive = 0
20:52:07:798 (00006108) > [Render] 		- Mode 35 : 1440 x 1080 @  25 Hz, stereo = 0, hdr = 0 exclusive = 0
20:52:07:798 (00006108) > [Render] 		- Mode 36 : 1440 x 1080 @  25 Hz, stereo = 0, hdr = 0 exclusive = 0
20:52:07:798 (00006108) > [Render] 		- Mode 37 : 1440 x 1080 @  30 Hz, stereo = 0, hdr = 0 exclusive = 0
20:52:07:798 (00006108) > [Render] 		- Mode 38 : 1440 x 1080 @  30 Hz, stereo = 0, hdr = 0 exclusive = 0
20:52:07:798 (00006108) > [Render] 		- Mode 39 : 1440 x 1080 @  50 Hz, stereo = 0, hdr = 0 exclusive = 0
20:52:07:798 (00006108) > [Render] 		- Mode 40 : 1440 x 1080 @  50 Hz, stereo = 0, hdr = 0 exclusive = 0
20:52:07:798 (00006108) > [Render] 		- Mode 41 : 1440 x 1080 @  60 Hz, stereo = 0, hdr = 0 exclusive = 0
20:52:07:798 (00006108) > [Render] 		- Mode 42 : 1440 x 1080 @  60 Hz, stereo = 0, hdr = 0 exclusive = 0
20:52:07:798 (00006108) > [Render] 		- Mode 43 : 1440 x 1080 @  24 Hz, stereo = 0, hdr = 0 exclusive = 0
20:52:07:798 (00006108) > [Render] 		- Mode 44 : 1440 x 1080 @  24 Hz, stereo = 0, hdr = 0 exclusive = 0
20:52:07:798 (00006108) > [Render] 		- Mode 45 : 1440 x 1080 @  30 Hz, stereo = 0, hdr = 0 exclusive = 0
20:52:07:798 (00006108) > [Render] 		- Mode 46 : 1440 x 1080 @  30 Hz, stereo = 0, hdr = 0 exclusive = 0
20:52:07:798 (00006108) > [Render] 		- Mode 47 : 1440 x 1080 @  60 Hz, stereo = 0, hdr = 0 exclusive = 0
20:52:07:798 (00006108) > [Render] 		- Mode 48 : 1440 x 1080 @  60 Hz, stereo = 0, hdr = 0 exclusive = 0
20:52:07:798 (00006108) > [Render] 		- Mode 49 : 1600 x  900 @  60 Hz, stereo = 0, hdr = 0 exclusive = 0
20:52:07:798 (00006108) > [Render] 		- Mode 50 : 1600 x  900 @  60 Hz, stereo = 0, hdr = 0 exclusive = 0
20:52:07:798 (00006108) > [Render] 		- Mode 51 : 1600 x 1024 @  60 Hz, stereo = 0, hdr = 0 exclusive = 0
20:52:07:798 (00006108) > [Render] 		- Mode 52 : 1600 x 1024 @  60 Hz, stereo = 0, hdr = 0 exclusive = 0
20:52:07:798 (00006108) > [Render] 		- Mode 53 : 1600 x 1200 @  60 Hz, stereo = 0, hdr = 0 exclusive = 0
20:52:07:798 (00006108) > [Render] 		- Mode 54 : 1600 x 1200 @  60 Hz, stereo = 0, hdr = 0 exclusive = 0
20:52:07:798 (00006108) > [Render] 		- Mode 55 : 1680 x 1050 @  60 Hz, stereo = 0, hdr = 0 exclusive = 0
20:52:07:798 (00006108) > [Render] 		- Mode 56 : 1920 x 1080 @  24 Hz, stereo = 0, hdr = 0 exclusive = 0
20:52:07:798 (00006108) > [Render] 		- Mode 57 : 1920 x 1080 @  25 Hz, stereo = 0, hdr = 0 exclusive = 0
20:52:07:798 (00006108) > [Render] 		- Mode 58 : 1920 x 1080 @  30 Hz, stereo = 0, hdr = 0 exclusive = 0
20:52:07:798 (00006108) > [Render] 		- Mode 59 : 1920 x 1080 @  50 Hz, stereo = 0, hdr = 0 exclusive = 0
20:52:07:798 (00006108) > [Render] 		- Mode 60 : 1920 x 1080 @  60 Hz, stereo = 0, hdr = 0 exclusive = 0
20:52:07:798 (00006108) > [Render] 		- Mode 61 : 1920 x 1080 @  24 Hz, stereo = 0, hdr = 0 exclusive = 0
20:52:07:798 (00006108) > [Render] 		- Mode 62 : 1920 x 1080 @  30 Hz, stereo = 0, hdr = 0 exclusive = 0
20:52:07:798 (00006108) > [Render] 		- Mode 63 : 1920 x 1080 @  60 Hz, stereo = 0, hdr = 0 exclusive = 0
20:52:07:798 (00006108) > [Render] 		- Mode 64 : 1920 x 1200 @  60 Hz, stereo = 0, hdr = 0 exclusive = 0
20:52:07:798 (00006108) > [Render] 		- Mode 65 : 1920 x 1440 @  60 Hz, stereo = 0, hdr = 0 exclusive = 0
20:52:07:798 (00006108) > [Render] 		- Mode 66 : 2048 x 1152 @  60 Hz, stereo = 0, hdr = 0 exclusive = 0
20:52:07:798 (00006108) > [Render] 		- Mode 67 : 2560 x 1080 @  24 Hz, stereo = 0, hdr = 0 exclusive = 0
20:52:07:798 (00006108) > [Render] 		- Mode 68 : 2560 x 1080 @  25 Hz, stereo = 0, hdr = 0 exclusive = 0
20:52:07:798 (00006108) > [Render] 		- Mode 69 : 2560 x 1080 @  30 Hz, stereo = 0, hdr = 0 exclusive = 0
20:52:07:798 (00006108) > [Render] 		- Mode 70 : 2560 x 1080 @  50 Hz, stereo = 0, hdr = 0 exclusive = 0
20:52:07:798 (00006108) > [Render] 		- Mode 71 : 2560 x 1080 @  60 Hz, stereo = 0, hdr = 0 exclusive = 0
20:52:07:798 (00006108) > [Render] 		- Mode 72 : 2560 x 1080 @  24 Hz, stereo = 0, hdr = 0 exclusive = 0
20:52:07:798 (00006108) > [Render] 		- Mode 73 : 2560 x 1080 @  30 Hz, stereo = 0, hdr = 0 exclusive = 0
20:52:07:798 (00006108) > [Render] 		- Mode 74 : 2560 x 1080 @  60 Hz, stereo = 0, hdr = 0 exclusive = 0
20:52:07:798 (00006108) > [Render] 		- Mode 75 : 2560 x 1440 @  60 Hz, stereo = 0, hdr = 0 exclusive = 0
20:52:07:798 (00006108) > [Render] 		- Mode 76 : 2560 x 1440 @  75 Hz, stereo = 0, hdr = 0 exclusive = 0
20:52:07:798 (00006108) > [Render] ***** Additional Monitor Output Info *****
20:52:07:798 (00006108) > [Render] 		BitsPerColor: 8
20:52:07:798 (00006108) > [Render] 		Primaries: R=0.6514;0.3398  G=0.3193;0.6230  B=0.1533;0.0605  White-Point=0.3135;0.3291
20:52:07:798 (00006108) > [Render] 		HDR: No (Color Space: DXGI_COLOR_SPACE_RGB_FULL_G22_NONE_P709)
20:52:07:798 (00006108) > [Render] 		Luminance: Min=0.0181 Max=408.7600 MaxFullFrame=400.0000
20:52:07:798 (00006108) > [Render] ******************************************
20:52:07:798 (00006108) > [Render] 
20:52:08:207 (00006108) > [NxReflex] Reflex support result:Result::eOk
20:52:08:207 (00006108) > [NxReflex] Reflex GetState result:Result::eErrorNotInitialized
20:52:08:207 (00006108) > [NxReflex] DLSSG support result:Result::eErrorOSDisabledHWS
20:52:08:207 (00006108) > [NxApp] Querying GPU Driver Info...
20:52:08:207 (00006108) > [NxApp] Enumerating available display adapters:
20:52:08:214 (00006108) > [NxApp] 		NVIDIA GeForce RTX 3050 (active)
20:52:08:214 (00006108) > [NxApp] Successfully found GPU Driver Info
20:52:08:214 (00006108) > [D3D] Max supported feature level: 11.0
20:52:08:214 (00006108) > [Render] Disabled D3D12 experimentals
20:52:08:457 (00006108) > [Render] VMEM Budget: 7274 MB
20:52:08:457 (00006108) > [Render] VMEM Available: 7267 MB
20:52:10:092 (00006108) > [Render] GPU node count: 1
20:52:10:125 (00006108) > [NxFfx] Anti-Lag2 not supported. Error code (-2147024890)
20:52:10:125 (00006108) > [NxReflex] Reflex support result:Result::eOk
20:52:10:125 (00006108) > [NxReflex] Reflex GetState result:Result::eOk
20:52:10:125 (00006108) > [NxApp] PreInit successful.
20:52:10:126 (00006108) > [NxUpscaler] SL DLSS support: Result::eOk
20:52:10:163 (00006108) > [NxUpscaler] XeSS init, code = 0
20:52:10:163 (00006108) > [Validate Settings] Disabled AMD anti-lag as it is not supported
20:52:10:165 (00006108) > [Input] Keyboard language: "English (U.S. Outlying Islands)" (id: 8192)
20:52:10:166 (00006108) > [Input] Keyboard physical layout: "US" (id: 00000409)
20:52:10:166 (00006108) > [Input] Keyboard            "HID Keyboard Device"   type 81 subType 0 mode 1 function 12 indicators 3 total 109
20:52:10:166 (00006108) > [Input] Keyboard            "HID Keyboard Device"   type 81 subType 0 mode 1 function 12 indicators 3 total 264
20:52:10:166 (00006108) > [Input] Joystick            ""   product 30276 vendor 3141 version 256 usage 146 usagePage 65308 xinput no
20:52:10:166 (00006108) > [Input] Joystick            ""   product 30276 vendor 3141 version 256 usage 1 usagePage 12 xinput no
20:52:10:166 (00006108) > [Input] Joystick            ""   product 30276 vendor 3141 version 256 usage 12 usagePage 1 xinput no
20:52:10:166 (00006108) > [Input] Joystick            ""   product 8200 vendor 6975 version 256 usage 1 usagePage 12 xinput no
20:52:10:166 (00006108) > [Input] Keyboard            "Feizhi Virtual Keyboard"   type 2 subType 0 mode 2 function 0 indicators 0 total 101
20:52:10:166 (00006108) > [Input] Mouse               "Feizhi Pointing Device"   id 128 buttons 5 sampleRate 1000 horizontalWheel no
20:52:10:166 (00006108) > [Input] Mouse               "HID-compliant mouse"   id 256 buttons 3 sampleRate 0 horizontalWheel no
20:52:10:181 (00006108) > [Input] Trying to load libScePad from C:\ProgramData\Sony Interactive Entertainment Inc\PSPC_SDK\S22\5.50.00.11\libScePad.dll
20:52:10:183 (00006108) > [Input] ERROR: Could not initilize SteamController library.
20:52:10:183 (00006108) > [Input] Using LibScePad
20:52:10:184 (00006108) > [XInput] Enumerating available xusb hid devices:

20:52:13:163 (00006108) > [Validate Settings] Disabled AMD anti-lag as it is not supported
20:52:13:163 (00006108) > [NxReflex] Reflex support result:Result::eOk
20:52:13:163 (00006108) > [NxReflex] Reflex GetState result:Result::eOk
20:52:13:164 (00006108) > [NxReflex] DLSSG support result:Result::eErrorOSDisabledHWS
20:52:13:164 (00006108) > [NxApp] Driver Desc: NVIDIA GeForce RTX 3050
20:52:13:164 (00006108) > [NxApp] Driver Version: 591.59
20:52:13:164 (00006108) > [**************************************************Display + Graphics Settings**************************************************] 
20:52:13:164 (00006108) > [Settings] DirectX Version: 12
20:52:13:164 (00006108) > [Settings] Window mode: Windowed
20:52:13:164 (00006108) > [Settings] Window settings:
20:52:13:164 (00006108) > [Settings] 	Window position: x: 320 y: 203 
20:52:13:164 (00006108) > [Settings] 	Window size: width: 1920 height: 1080 
20:52:13:164 (00006108) > [Settings] 	Window maximized? No
20:52:13:164 (00006108) > [Settings] 	OS reported Refresh rate: 75
20:52:13:164 (00006108) > [Settings] 	VSync: On
20:52:13:164 (00006108) > [Settings] 	Reflex: Low Latency
20:52:13:164 (00006108) > [Settings] 	Anti-Lag2: Off
20:52:13:164 (00006108) > [Settings] 	Frame generation: FSR
20:52:13:164 (00006108) > [Settings] 	Dynamic resolution FPS target: 75
20:52:13:164 (00006108) > [Settings] Anti aliasing: DLAA
20:52:13:164 (00006108) > [Settings] Upscale method: DLSS
20:52:13:164 (00006108) > [Settings] Upscale quality: Dynamic
20:52:13:164 (00006108) > [Settings] Graphics Options:
20:52:13:164 (00006108) > [Settings] 	Texture Quality: High
20:52:13:164 (00006108) > [Settings] 	Texture Filtering: Anisotropic4x
20:52:13:164 (00006108) > [Settings] 	Shadow Quality: High
20:52:13:164 (00006108) > [Settings] 	Depth of Field: High
20:52:13:164 (00006108) > [Settings] 	Level of Detail: High
20:52:13:164 (00006108) > [Settings] 	Terrain Detail: High
20:52:13:164 (00006108) > [Settings] 	Ambient Occlusion: SSAO Quality
20:52:13:164 (00006108) > [Settings] 	Screen Space Reflections: Half Res
20:52:13:164 (00006108) > [Settings] 	Screen Space Shadows: High
20:52:13:164 (00006108) > [Settings] 	Volumetric Fog: High
20:52:13:164 (00006108) > [Settings] 	Bloom: On
20:52:13:164 (00006108) > [Settings] 	Vignette: On
20:52:13:164 (00006108) > [Settings] 	Caustics: On
20:52:13:164 (00006108) > [Settings] 	Motion Blur: 1.000000
20:52:13:164 (00006108) > [Settings] 	FOV Correction: 1.000000
20:52:13:164 (00006108) > [**************************************************Display + Graphics Settings**************************************************] 
20:52:13:164 (00006108) > [Startup] Initial LEGDLCS: 4
20:52:13:164 (00006108) > [Startup] Creating compute command queue of type 2
20:52:13:178 (00006108) > [Startup] Creating copy command queue of type 3
20:52:13:185 (00006108) > [NxApp] Creating window...
20:52:13:187 (00015464) > [GameWindow] UpdateState bVisible true
20:52:13:200 (00006108) > [NxApp] Window created.
20:52:13:200 (00006108) > [NxApp] Initializing swapchain...
20:52:13:200 (00013864) > [SwapChain] Creating...
20:52:13:200 (00013864) > [NxSwapChainImpl] Swapchain native backbuffer (windows) resolution: 1920x1080
20:52:13:200 (00013864) > [Upscaler] ConvertScreenToRenderRes: wxh = 1920x1080 | min = 960x540 | max =  1920x1080
20:52:13:243 (00013864) > [NxFfx] Succesfully created the frame interpolation swapchain.
20:52:13:243 (00013864) > [DXGI] Created swapchain.
20:52:13:260 (00013864) > [SwapChain] Gamma correction is enabled.
20:52:13:260 (00013864) > [SwapChain] Successfully created.
20:52:13:260 (00013864) > [NxSwapChainImpl] Swapchain native backbuffer (windows) resolution: 1920x1080
20:52:13:260 (00013864) > [Upscaler] ConvertScreenToRenderRes: wxh = 1920x1080 | min = 960x540 | max =  1920x1080
20:52:13:260 (00006108) > [NxApp] Swapchain initialized
20:52:13:260 (00006108) > [NxApp] Initializing renderer...
20:52:13:260 (00006108) > [NxApp] Renderer initialized
20:52:13:260 (00006108) > [NxStorage] Detected device at 'd:\crack\ghost.of.tsushima.directors.cut.build.27102025-ofme\ghost of tsushima directors cut', name 'PNY CS900 500GB SSD', SSD: Yes, NVMe: No
20:52:13:614 (00006108) > [NxStorage] DirectStorage initialization succeeded
20:52:13:615 (00006108) > [CJobManager] Creating  10 worker threads, run on  11 cores
20:52:13:684 (00006108) > [Render] Pipeline cache C:\Users\<username>\AppData\Roaming\Sucker Punch Productions\Ghost of Tsushima DIRECTOR'S CUT\\user.pso read succesfully, read 18 pipelines, found 0 duplicates.
20:52:13:705 (00006108) > [Render] Pipeline cache default.pso read succesfully, read 16192 pipelines, found 0 duplicates.
20:52:16:213 (00006108) > [Validate Settings] Disabled AMD anti-lag as it is not supported
20:52:16:213 (00006108) > [Validate Settings] Disabled AMD anti-lag as it is not supported
20:52:16:248 (00006108) > [NxFfx] Creating the FSR3 context.
20:52:16:327 (00006108) > [NxFfx] Sucessfully created a FSR3 context.
20:52:55:344 (00006108) > [Epic] Connected with token. Expires at 2026-01-08T15:52:54.822Z
20:52:55:822 (00006108) > [Epic] Successfully logged into epic product userid 0002c940259b4f788ced1c784e182d67
20:53:03:228 (00003640) > [Render] Quering NVAPI for GPU temperature
20:53:03:228 (00003640) > [Render] Working set: 6363MB Page file: 8572MB Video Budget: 7274MB Video Usage: 2841MB Sys Budget: 7489MB Sys Usage: 413MB Demoted: 0MB fps: 28.0
20:53:35:418 (00006108) > [Input] Windows.Gaming.Input controller connected. index: 0
20:53:35:423 (00006108) > [Input] XInput controller connected. index: 0
20:53:35:423 (00006108) > [Input] Gamepads connected: 0 -> 2
20:53:35:423 (00006108) > [Input] Gamepad for main player: 0
20:53:35:444 (00006108) > [Input] XInput disabled, disconnecting controller. index: 0
20:53:35:444 (00006108) > [Input] Gamepads connected: 2 -> 1
20:53:35:444 (00006108) > [Input] Gamepad for main player: 0
20:54:03:243 (00003640) > [Render] Quering NVAPI for GPU temperature
20:54:03:243 (00003640) > [Render] Working set: 7286MB Page file: 11218MB Video Budget: 7274MB Video Usage: 4560MB Sys Budget: 7489MB Sys Usage: 433MB Demoted: 0MB fps: 36.4
20:55:03:256 (00003640) > [Render] Quering NVAPI for GPU temperature
20:55:03:256 (00003640) > [Render] Working set: 7389MB Page file: 11400MB Video Budget: 7274MB Video Usage: 4595MB Sys Budget: 7489MB Sys Usage: 501MB Demoted: 0MB fps: 36.5
20:56:03:256 (00003640) > [Render] Quering NVAPI for GPU temperature
20:56:03:256 (00003640) > [Render] Working set: 7356MB Page file: 11400MB Video Budget: 7274MB Video Usage: 4595MB Sys Budget: 7489MB Sys Usage: 501MB Demoted: 0MB fps: 37.5
20:57:03:277 (00003640) > [Render] Quering NVAPI for GPU temperature
20:57:03:277 (00003640) > [Render] Working set: 7513MB Page file: 12427MB Video Budget: 7003MB Video Usage: 5133MB Sys Budget: 7489MB Sys Usage: 443MB Demoted: 0MB fps: 35.4
20:58:03:278 (00003640) > [Render] Quering NVAPI for GPU temperature
20:58:03:278 (00003640) > [Render] Working set: 7181MB Page file: 12564MB Video Budget: 6992MB Video Usage: 5153MB Sys Budget: 7489MB Sys Usage: 444MB Demoted: 0MB fps: 34.2
20:59:03:282 (00003640) > [Render] Quering NVAPI for GPU temperature
20:59:03:283 (00003640) > [Render] Working set: 7218MB Page file: 12390MB Video Budget: 7274MB Video Usage: 5190MB Sys Budget: 7489MB Sys Usage: 445MB Demoted: 0MB fps: 33.7
21:00:03:288 (00003640) > [Render] Quering NVAPI for GPU temperature
21:00:03:288 (00003640) > [Render] Working set: 7390MB Page file: 12944MB Video Budget: 6966MB Video Usage: 5622MB Sys Budget: 7489MB Sys Usage: 445MB Demoted: 0MB fps: 33.3
21:01:03:300 (00003640) > [Render] Quering NVAPI for GPU temperature
21:01:03:300 (00003640) > [Render] Working set: 7574MB Page file: 12518MB Video Budget: 6982MB Video Usage: 5261MB Sys Budget: 7489MB Sys Usage: 447MB Demoted: 0MB fps: 32.9
21:02:03:314 (00003640) > [Render] Quering NVAPI for GPU temperature
21:02:03:314 (00003640) > [Render] Working set: 7495MB Page file: 12612MB Video Budget: 6998MB Video Usage: 5324MB Sys Budget: 7489MB Sys Usage: 463MB Demoted: 0MB fps: 33.2
21:03:03:314 (00003640) > [Render] Quering NVAPI for GPU temperature
21:03:03:314 (00003640) > [Render] Working set: 7400MB Page file: 12619MB Video Budget: 7014MB Video Usage: 5319MB Sys Budget: 7489MB Sys Usage: 465MB Demoted: 0MB fps: 33.2
21:04:03:322 (00003640) > [Render] Quering NVAPI for GPU temperature
21:04:03:322 (00003640) > [Render] Working set: 7249MB Page file: 12950MB Video Budget: 7019MB Video Usage: 5604MB Sys Budget: 7489MB Sys Usage: 465MB Demoted: 0MB fps: 34.0
21:05:03:348 (00003640) > [Render] Quering NVAPI for GPU temperature
21:05:03:348 (00003640) > [Render] Working set: 7244MB Page file: 12487MB Video Budget: 7274MB Video Usage: 5201MB Sys Budget: 7489MB Sys Usage: 466MB Demoted: 0MB fps: 32.8
21:06:03:345 (00003640) > [Render] Quering NVAPI for GPU temperature
21:06:03:345 (00003640) > [Render] Working set: 7448MB Page file: 13052MB Video Budget: 7002MB Video Usage: 5685MB Sys Budget: 7489MB Sys Usage: 466MB Demoted: 0MB fps: 34.5
21:07:03:347 (00003640) > [Render] Quering NVAPI for GPU temperature
21:07:03:347 (00003640) > [Render] Working set: 7473MB Page file: 12735MB Video Budget: 7002MB Video Usage: 5360MB Sys Budget: 7489MB Sys Usage: 466MB Demoted: 0MB fps: 34.0
21:08:03:365 (00003640) > [Render] Quering NVAPI for GPU temperature
21:08:03:365 (00003640) > [Render] Working set: 7526MB Page file: 13051MB Video Budget: 7013MB Video Usage: 5673MB Sys Budget: 7489MB Sys Usage: 466MB Demoted: 0MB fps: 35.5
21:09:03:365 (00003640) > [Render] Quering NVAPI for GPU temperature
21:09:03:365 (00003640) > [Render] Working set: 7420MB Page file: 12718MB Video Budget: 6998MB Video Usage: 5341MB Sys Budget: 7489MB Sys Usage: 471MB Demoted: 0MB fps: 32.8
21:10:03:386 (00003640) > [Render] Quering NVAPI for GPU temperature
21:10:03:386 (00003640) > [Render] Working set: 7504MB Page file: 13190MB Video Budget: 7019MB Video Usage: 5555MB Sys Budget: 7489MB Sys Usage: 472MB Demoted: 0MB fps: 33.3
21:11:03:387 (00003640) > [Render] Quering NVAPI for GPU temperature
21:11:03:388 (00003640) > [Render] Working set: 7553MB Page file: 12617MB Video Budget: 7274MB Video Usage: 5236MB Sys Budget: 7489MB Sys Usage: 472MB Demoted: 0MB fps: 35.2
21:12:03:375 (00003640) > [Render] Quering NVAPI for GPU temperature
21:12:03:375 (00003640) > [Render] Working set: 7610MB Page file: 13024MB Video Budget: 7002MB Video Usage: 5568MB Sys Budget: 7489MB Sys Usage: 473MB Demoted: 0MB fps: 33.7
21:13:03:398 (00003640) > [Render] Quering NVAPI for GPU temperature
21:13:03:398 (00003640) > [Render] Working set: 7570MB Page file: 12899MB Video Budget: 7012MB Video Usage: 5482MB Sys Budget: 7489MB Sys Usage: 473MB Demoted: 0MB fps: 32.8
21:14:03:414 (00003640) > [Render] Quering NVAPI for GPU temperature
21:14:03:414 (00003640) > [Render] Working set: 7546MB Page file: 13037MB Video Budget: 7019MB Video Usage: 5595MB Sys Budget: 7489MB Sys Usage: 474MB Demoted: 0MB fps: 32.8
21:15:03:415 (00003640) > [Render] Quering NVAPI for GPU temperature
21:15:03:416 (00003640) > [Render] Working set: 7333MB Page file: 13000MB Video Budget: 7002MB Video Usage: 5536MB Sys Budget: 7489MB Sys Usage: 474MB Demoted: 0MB fps: 31.5
21:16:03:431 (00003640) > [Render] Quering NVAPI for GPU temperature
21:16:03:431 (00003640) > [Render] Working set: 7439MB Page file: 13083MB Video Budget: 7013MB Video Usage: 5600MB Sys Budget: 7489MB Sys Usage: 475MB Demoted: 0MB fps: 33.0
21:17:03:441 (00003640) > [Render] Quering NVAPI for GPU temperature
21:17:03:441 (00003640) > [Render] Working set: 7475MB Page file: 13391MB Video Budget: 7002MB Video Usage: 5884MB Sys Budget: 7489MB Sys Usage: 475MB Demoted: 0MB fps: 33.8
21:18:03:462 (00003640) > [Render] Quering NVAPI for GPU temperature
21:18:03:462 (00003640) > [Render] Working set: 7597MB Page file: 13375MB Video Budget: 7014MB Video Usage: 5865MB Sys Budget: 7489MB Sys Usage: 475MB Demoted: 0MB fps: 32.7
21:19:03:454 (00003640) > [Render] Quering NVAPI for GPU temperature
21:19:03:455 (00003640) > [Render] Working set: 7737MB Page file: 13450MB Video Budget: 7009MB Video Usage: 5617MB Sys Budget: 7489MB Sys Usage: 541MB Demoted: 0MB fps: 32.0
21:20:03:479 (00003640) > [Render] Quering NVAPI for GPU temperature
21:20:03:479 (00003640) > [Render] Working set: 7635MB Page file: 13361MB Video Budget: 7014MB Video Usage: 5738MB Sys Budget: 7489MB Sys Usage: 548MB Demoted: 0MB fps: 32.3
21:21:03:483 (00003640) > [Render] Quering NVAPI for GPU temperature
21:21:03:483 (00003640) > [Render] Working set: 7499MB Page file: 13288MB Video Budget: 7013MB Video Usage: 5701MB Sys Budget: 7489MB Sys Usage: 548MB Demoted: 0MB fps: 33.2
21:22:03:492 (00003640) > [Render] Quering NVAPI for GPU temperature
21:22:03:493 (00003640) > [Render] Working set: 7506MB Page file: 13431MB Video Budget: 7002MB Video Usage: 5784MB Sys Budget: 7489MB Sys Usage: 548MB Demoted: 0MB fps: 32.9
21:23:03:519 (00003640) > [Render] Quering NVAPI for GPU temperature
21:23:03:519 (00003640) > [Render] Working set: 7541MB Page file: 13470MB Video Budget: 7014MB Video Usage: 5917MB Sys Budget: 7489MB Sys Usage: 548MB Demoted: 0MB fps: 32.8
21:24:03:535 (00003640) > [Render] Quering NVAPI for GPU temperature
21:24:03:535 (00003640) > [Render] Working set: 7572MB Page file: 13254MB Video Budget: 7003MB Video Usage: 5706MB Sys Budget: 7489MB Sys Usage: 548MB Demoted: 0MB fps: 34.3
21:25:03:555 (00003640) > [Render] Quering NVAPI for GPU temperature
21:25:03:555 (00003640) > [Render] Working set: 4796MB Page file: 13315MB Video Budget: 7013MB Video Usage: 5797MB Sys Budget: 7489MB Sys Usage: 548MB Demoted: 0MB fps: 34.8
21:26:03:567 (00003640) > [Render] Quering NVAPI for GPU temperature
21:26:03:567 (00003640) > [Render] Working set: 4842MB Page file: 13580MB Video Budget: 7013MB Video Usage: 5906MB Sys Budget: 7489MB Sys Usage: 548MB Demoted: 0MB fps: 35.7
21:27:03:589 (00003640) > [Render] Quering NVAPI for GPU temperature
21:27:03:589 (00003640) > [Render] Working set: 4669MB Page file: 13193MB Video Budget: 7012MB Video Usage: 5520MB Sys Budget: 7489MB Sys Usage: 484MB Demoted: 0MB fps: 35.5
21:28:03:587 (00003640) > [Render] Quering NVAPI for GPU temperature
21:28:03:587 (00003640) > [Render] Working set: 4741MB Page file: 13420MB Video Budget: 7003MB Video Usage: 5886MB Sys Budget: 7489MB Sys Usage: 484MB Demoted: 0MB fps: 34.4
21:29:03:588 (00003640) > [Render] Quering NVAPI for GPU temperature
21:29:03:588 (00003640) > [Render] Working set: 5106MB Page file: 13472MB Video Budget: 7002MB Video Usage: 5861MB Sys Budget: 7489MB Sys Usage: 500MB Demoted: 0MB fps: 32.9
21:30:03:601 (00003640) > [Render] Quering NVAPI for GPU temperature
21:30:03:601 (00003640) > [Render] Working set: 3603MB Page file: 13342MB Video Budget: 6972MB Video Usage: 5820MB Sys Budget: 7489MB Sys Usage: 484MB Demoted: 0MB fps: 32.9
21:31:03:611 (00003640) > [Render] Quering NVAPI for GPU temperature
21:31:03:611 (00003640) > [Render] Working set: 3419MB Page file: 12998MB Video Budget: 6970MB Video Usage: 5511MB Sys Budget: 7489MB Sys Usage: 492MB Demoted: 0MB fps: 32.5
21:32:03:629 (00003640) > [Render] Quering NVAPI for GPU temperature
21:32:03:629 (00003640) > [Render] Working set: 3329MB Page file: 13304MB Video Budget: 6971MB Video Usage: 5731MB Sys Budget: 7489MB Sys Usage: 484MB Demoted: 0MB fps: 31.6
21:33:03:634 (00003640) > [Render] Quering NVAPI for GPU temperature
21:33:03:634 (00003640) > [Render] Working set: 3335MB Page file: 13348MB Video Budget: 7013MB Video Usage: 5807MB Sys Budget: 7489MB Sys Usage: 484MB Demoted: 0MB fps: 33.2
21:34:03:637 (00003640) > [Render] Quering NVAPI for GPU temperature
21:34:03:637 (00003640) > [Render] Working set: 3657MB Page file: 13652MB Video Budget: 7003MB Video Usage: 5943MB Sys Budget: 7489MB Sys Usage: 484MB Demoted: 0MB fps: 34.3
21:35:03:641 (00003640) > [Render] Quering NVAPI for GPU temperature
21:35:03:641 (00003640) > [Render] Working set: 3180MB Page file: 13117MB Video Budget: 7013MB Video Usage: 5496MB Sys Budget: 7489MB Sys Usage: 484MB Demoted: 0MB fps: 33.1
21:36:03:653 (00003640) > [Render] Quering NVAPI for GPU temperature
21:36:03:653 (00003640) > [Render] Working set: 3281MB Page file: 13411MB Video Budget: 7014MB Video Usage: 5727MB Sys Budget: 7489MB Sys Usage: 508MB Demoted: 0MB fps: 32.7
21:37:03:642 (00003640) > [Render] Quering NVAPI for GPU temperature
21:37:03:642 (00003640) > [Render] Working set: 3085MB Page file: 13163MB Video Budget: 7013MB Video Usage: 5619MB Sys Budget: 7489MB Sys Usage: 484MB Demoted: 0MB fps: 36.5
21:38:03:671 (00003640) > [Render] Quering NVAPI for GPU temperature
21:38:03:671 (00003640) > [Render] Working set: 3390MB Page file: 13434MB Video Budget: 7013MB Video Usage: 5830MB Sys Budget: 7489MB Sys Usage: 494MB Demoted: 0MB fps: 33.1
21:39:03:665 (00003640) > [Render] Quering NVAPI for GPU temperature
21:39:03:666 (00003640) > [Render] Working set: 3758MB Page file: 13571MB Video Budget: 7009MB Video Usage: 5829MB Sys Budget: 7489MB Sys Usage: 487MB Demoted: 0MB fps: 32.4
21:40:03:682 (00003640) > [Render] Quering NVAPI for GPU temperature
21:40:03:683 (00003640) > [Render] Working set: 4140MB Page file: 13684MB Video Budget: 7019MB Video Usage: 5982MB Sys Budget: 7489MB Sys Usage: 487MB Demoted: 0MB fps: 31.3
21:41:03:700 (00003640) > [Render] Quering NVAPI for GPU temperature
21:41:03:701 (00003640) > [Render] Working set: 4357MB Page file: 13713MB Video Budget: 7014MB Video Usage: 5986MB Sys Budget: 7489MB Sys Usage: 488MB Demoted: 0MB fps: 30.6
21:42:03:708 (00003640) > [Render] Quering NVAPI for GPU temperature
21:42:03:708 (00003640) > [Render] Working set: 3908MB Page file: 13438MB Video Budget: 7012MB Video Usage: 5785MB Sys Budget: 7489MB Sys Usage: 488MB Demoted: 0MB fps: 31.1
21:43:03:716 (00003640) > [Render] Quering NVAPI for GPU temperature
21:43:03:716 (00003640) > [Render] Working set: 3706MB Page file: 13655MB Video Budget: 7013MB Video Usage: 5965MB Sys Budget: 7489MB Sys Usage: 488MB Demoted: 0MB fps: 31.1
21:44:03:719 (00003640) > [Render] Quering NVAPI for GPU temperature
21:44:03:719 (00003640) > [Render] Working set: 3349MB Page file: 13435MB Video Budget: 7002MB Video Usage: 5895MB Sys Budget: 7489MB Sys Usage: 488MB Demoted: 0MB fps: 33.0
21:45:03:740 (00003640) > [Render] Quering NVAPI for GPU temperature
21:45:03:740 (00003640) > [Render] Working set: 3391MB Page file: 13556MB Video Budget: 7013MB Video Usage: 5995MB Sys Budget: 7489MB Sys Usage: 488MB Demoted: 0MB fps: 33.2
21:46:03:762 (00003640) > [Render] Quering NVAPI for GPU temperature
21:46:03:762 (00003640) > [Render] Working set: 3228MB Page file: 13094MB Video Budget: 7002MB Video Usage: 5549MB Sys Budget: 7489MB Sys Usage: 488MB Demoted: 0MB fps: 34.3
21:47:03:750 (00003640) > [Render] Quering NVAPI for GPU temperature
21:47:03:751 (00003640) > [Render] Working set: 3544MB Page file: 13627MB Video Budget: 7002MB Video Usage: 6004MB Sys Budget: 7489MB Sys Usage: 488MB Demoted: 0MB fps: 32.9
21:48:03:755 (00003640) > [Render] Quering NVAPI for GPU temperature
21:48:03:755 (00003640) > [Render] Working set: 3540MB Page file: 13632MB Video Budget: 7014MB Video Usage: 6096MB Sys Budget: 7489MB Sys Usage: 489MB Demoted: 0MB fps: 31.0
21:49:03:777 (00003640) > [Render] Quering NVAPI for GPU temperature
21:49:03:777 (00003640) > [Render] Working set: 3791MB Page file: 13903MB Video Budget: 7013MB Video Usage: 6105MB Sys Budget: 7489MB Sys Usage: 556MB Demoted: 0MB fps: 30.6
21:50:03:774 (00003640) > [Render] Quering NVAPI for GPU temperature
21:50:03:774 (00003640) > [Render] Working set: 3189MB Page file: 13303MB Video Budget: 7014MB Video Usage: 5721MB Sys Budget: 7489MB Sys Usage: 492MB Demoted: 0MB fps: 30.8
21:51:03:795 (00003640) > [Render] Quering NVAPI for GPU temperature
21:51:03:795 (00003640) > [Render] Working set: 3347MB Page file: 13700MB Video Budget: 7003MB Video Usage: 6043MB Sys Budget: 7489MB Sys Usage: 492MB Demoted: 0MB fps: 31.1
21:51:54:794 (00006108) > [Epic] Login expired for product user 0002c940259b4f788ced1c784e182d67
21:51:54:794 (00006108) > [Epic] Connected with token. Expires at 2026-01-08T15:52:54.822Z
21:51:55:561 (00006108) > [Epic] Successfully logged into epic product userid 0002c940259b4f788ced1c784e182d67
21:52:03:807 (00003640) > [Render] Quering NVAPI for GPU temperature
21:52:03:807 (00003640) > [Render] Working set: 3436MB Page file: 13859MB Video Budget: 7014MB Video Usage: 6066MB Sys Budget: 7489MB Sys Usage: 500MB Demoted: 0MB fps: 30.8
21:53:03:808 (00003640) > [Render] Quering NVAPI for GPU temperature
21:53:03:808 (00003640) > [Render] Working set: 3589MB Page file: 13827MB Video Budget: 7003MB Video Usage: 5961MB Sys Budget: 7489MB Sys Usage: 492MB Demoted: 0MB fps: 30.5
21:54:03:812 (00003640) > [Render] Quering NVAPI for GPU temperature
21:54:03:812 (00003640) > [Render] Working set: 3980MB Page file: 13940MB Video Budget: 7003MB Video Usage: 6066MB Sys Budget: 7489MB Sys Usage: 500MB Demoted: 0MB fps: 31.9
21:55:03:814 (00003640) > [Render] Quering NVAPI for GPU temperature
21:55:03:814 (00003640) > [Render] Working set: 3874MB Page file: 13928MB Video Budget: 7013MB Video Usage: 6046MB Sys Budget: 7489MB Sys Usage: 508MB Demoted: 0MB fps: 31.5
21:56:03:846 (00003640) > [Render] Quering NVAPI for GPU temperature
21:56:03:846 (00003640) > [Render] Working set: 3631MB Page file: 13789MB Video Budget: 6998MB Video Usage: 6090MB Sys Budget: 7489MB Sys Usage: 517MB Demoted: 0MB fps: 29.3
21:57:03:867 (00003640) > [Render] Quering NVAPI for GPU temperature
21:57:03:867 (00003640) > [Render] Working set: 3443MB Page file: 13816MB Video Budget: 6996MB Video Usage: 6059MB Sys Budget: 7489MB Sys Usage: 517MB Demoted: 0MB fps: 27.4
21:58:03:865 (00003640) > [Render] Quering NVAPI for GPU temperature
21:58:03:865 (00003640) > [Render] Working set: 3498MB Page file: 13873MB Video Budget: 6998MB Video Usage: 6035MB Sys Budget: 7489MB Sys Usage: 517MB Demoted: 0MB fps: 26.8
21:59:03:881 (00003640) > [Render] Quering NVAPI for GPU temperature
21:59:03:881 (00003640) > [Render] Working set: 3286MB Page file: 13691MB Video Budget: 6999MB Video Usage: 6014MB Sys Budget: 7489MB Sys Usage: 517MB Demoted: 0MB fps: 30.4
22:00:03:897 (00003640) > [Render] Quering NVAPI for GPU temperature
22:00:03:897 (00003640) > [Render] Working set: 3086MB Page file: 13199MB Video Budget: 6972MB Video Usage: 5586MB Sys Budget: 7489MB Sys Usage: 517MB Demoted: 0MB fps: 30.5
22:01:03:905 (00003640) > [Render] Quering NVAPI for GPU temperature
22:01:03:907 (00003640) > [Render] Working set: 3084MB Page file: 13261MB Video Budget: 6981MB Video Usage: 5641MB Sys Budget: 7489MB Sys Usage: 517MB Demoted: 0MB fps: 33.9
22:02:03:907 (00003640) > [Render] Quering NVAPI for GPU temperature
22:02:03:907 (00003640) > [Render] Working set: 2945MB Page file: 13177MB Video Budget: 6981MB Video Usage: 5570MB Sys Budget: 7489MB Sys Usage: 517MB Demoted: 0MB fps: 32.5
22:02:29:868 (00006108) > [Epic] Achievement _autoGenTrophy_0011 unlocked at 1767884549
22:03:03:918 (00003640) > [Render] Quering NVAPI for GPU temperature
22:03:03:918 (00003640) > [Render] Working set: 3197MB Page file: 13457MB Video Budget: 6997MB Video Usage: 5785MB Sys Budget: 7489MB Sys Usage: 518MB Demoted: 0MB fps: 33.5
22:04:03:916 (00003640) > [Render] Quering NVAPI for GPU temperature
22:04:03:916 (00003640) > [Render] Working set: 3297MB Page file: 13459MB Video Budget: 6986MB Video Usage: 5792MB Sys Budget: 7489MB Sys Usage: 519MB Demoted: 0MB fps: 30.0
22:05:03:932 (00003640) > [Render] Quering NVAPI for GPU temperature
22:05:03:932 (00003640) > [Render] Working set: 3259MB Page file: 13195MB Video Budget: 6985MB Video Usage: 5586MB Sys Budget: 7489MB Sys Usage: 519MB Demoted: 0MB fps: 31.1
22:06:03:934 (00003640) > [Render] Quering NVAPI for GPU temperature
22:06:03:934 (00003640) > [Render] Working set: 3266MB Page file: 13319MB Video Budget: 7013MB Video Usage: 5666MB Sys Budget: 7489MB Sys Usage: 518MB Demoted: 0MB fps: 30.5
22:07:03:940 (00003640) > [Render] Quering NVAPI for GPU temperature
22:07:03:941 (00003640) > [Render] Working set: 3180MB Page file: 13620MB Video Budget: 7003MB Video Usage: 5860MB Sys Budget: 7489MB Sys Usage: 518MB Demoted: 0MB fps: 32.1
22:08:03:937 (00003640) > [Render] Quering NVAPI for GPU temperature
22:08:03:937 (00003640) > [Render] Working set: 3041MB Page file: 13510MB Video Budget: 7013MB Video Usage: 5852MB Sys Budget: 7489MB Sys Usage: 518MB Demoted: 0MB fps: 33.2
22:09:03:940 (00003640) > [Render] Quering NVAPI for GPU temperature
22:09:03:940 (00003640) > [Render] Working set: 3090MB Page file: 13591MB Video Budget: 7009MB Video Usage: 5912MB Sys Budget: 7489MB Sys Usage: 518MB Demoted: 0MB fps: 31.4
22:10:03:948 (00003640) > [Render] Quering NVAPI for GPU temperature
22:10:03:948 (00003640) > [Render] Working set: 3053MB Page file: 13471MB Video Budget: 7002MB Video Usage: 5754MB Sys Budget: 7489MB Sys Usage: 518MB Demoted: 0MB fps: 31.3
22:11:03:945 (00003640) > [Render] Quering NVAPI for GPU temperature
22:11:03:945 (00003640) > [Render] Working set: 3041MB Page file: 13165MB Video Budget: 7013MB Video Usage: 5568MB Sys Budget: 7489MB Sys Usage: 518MB Demoted: 0MB fps: 28.9
22:12:03:952 (00003640) > [Render] Quering NVAPI for GPU temperature
22:12:03:952 (00003640) > [Render] Working set: 3041MB Page file: 13166MB Video Budget: 7013MB Video Usage: 5568MB Sys Budget: 7489MB Sys Usage: 518MB Demoted: 0MB fps: 30.7
22:13:03:958 (00003640) > [Render] Quering NVAPI for GPU temperature
22:13:03:958 (00003640) > [Render] Working set: 3079MB Page file: 13382MB Video Budget: 7002MB Video Usage: 5721MB Sys Budget: 7489MB Sys Usage: 518MB Demoted: 0MB fps: 32.9
22:14:03:957 (00003640) > [Render] Quering NVAPI for GPU temperature
22:14:03:957 (00003640) > [Render] Working set: 3046MB Page file: 13209MB Video Budget: 7002MB Video Usage: 5609MB Sys Budget: 7489MB Sys Usage: 518MB Demoted: 0MB fps: 31.2
22:15:03:957 (00003640) > [Render] Quering NVAPI for GPU temperature
22:15:03:958 (00003640) > [Render] Working set: 3039MB Page file: 13487MB Video Budget: 7002MB Video Usage: 5774MB Sys Budget: 7489MB Sys Usage: 582MB Demoted: 0MB fps: 33.1
22:16:03:955 (00003640) > [Render] Quering NVAPI for GPU temperature
22:16:03:955 (00003640) > [Render] Working set: 3028MB Page file: 13231MB Video Budget: 7014MB Video Usage: 5629MB Sys Budget: 7489MB Sys Usage: 518MB Demoted: 0MB fps: 32.0
22:17:03:974 (00003640) > [Render] Quering NVAPI for GPU temperature
22:17:03:974 (00003640) > [Render] Working set: 2992MB Page file: 13221MB Video Budget: 7003MB Video Usage: 5620MB Sys Budget: 7489MB Sys Usage: 518MB Demoted: 0MB fps: 30.8
22:18:03:986 (00003640) > [Render] Quering NVAPI for GPU temperature
22:18:03:986 (00003640) > [Render] Working set: 2957MB Page file: 13219MB Video Budget: 7013MB Video Usage: 5619MB Sys Budget: 7489MB Sys Usage: 518MB Demoted: 0MB fps: 30.3
22:19:03:985 (00003640) > [Render] Quering NVAPI for GPU temperature
22:19:03:985 (00003640) > [Render] Working set: 2919MB Page file: 13240MB Video Budget: 6973MB Video Usage: 5640MB Sys Budget: 7489MB Sys Usage: 518MB Demoted: 0MB fps: 30.0
22:20:03:985 (00003640) > [Render] Quering NVAPI for GPU temperature
22:20:03:985 (00003640) > [Render] Working set: 2849MB Page file: 13200MB Video Budget: 7003MB Video Usage: 5606MB Sys Budget: 7489MB Sys Usage: 518MB Demoted: 0MB fps: 29.9
22:21:04:012 (00003640) > [Render] Quering NVAPI for GPU temperature
22:21:04:012 (00003640) > [Render] Working set: 2850MB Page file: 13203MB Video Budget: 7002MB Video Usage: 5610MB Sys Budget: 7489MB Sys Usage: 518MB Demoted: 0MB fps: 29.9
22:21:50:776 (00006108) > [Epic] Achievement _autoGenTrophy_0012 unlocked at 1767885710
22:22:04:024 (00003640) > [Render] Quering NVAPI for GPU temperature
22:22:04:024 (00003640) > [Render] Working set: 2927MB Page file: 13244MB Video Budget: 6996MB Video Usage: 5633MB Sys Budget: 7489MB Sys Usage: 519MB Demoted: 0MB fps: 32.6
22:23:04:024 (00003640) > [Render] Quering NVAPI for GPU temperature
22:23:04:024 (00003640) > [Render] Working set: 2934MB Page file: 13244MB Video Budget: 6985MB Video Usage: 5633MB Sys Budget: 7489MB Sys Usage: 519MB Demoted: 0MB fps: 37.5
22:24:04:024 (00003640) > [Render] Quering NVAPI for GPU temperature
22:24:04:024 (00003640) > [Render] Working set: 2934MB Page file: 13244MB Video Budget: 6996MB Video Usage: 5633MB Sys Budget: 7489MB Sys Usage: 519MB Demoted: 0MB fps: 37.5
22:25:04:024 (00003640) > [Render] Quering NVAPI for GPU temperature
22:25:04:024 (00003640) > [Render] Working set: 2837MB Page file: 13244MB Video Budget: 7003MB Video Usage: 5616MB Sys Budget: 7489MB Sys Usage: 518MB Demoted: 0MB fps: 37.5
22:26:02:798 (00006108) > [Input] Windows.Gaming.Input controller disconnected, index: 0
22:26:02:798 (00006108) > [Input] Gamepads connected: 1 -> 0
22:26:02:798 (00006108) > [Input] Gamepad for main player: -1
22:26:04:023 (00003640) > [Render] Quering NVAPI for GPU temperature
22:26:04:023 (00003640) > [Render] Working set: 2841MB Page file: 13245MB Video Budget: 6966MB Video Usage: 5616MB Sys Budget: 7489MB Sys Usage: 518MB Demoted: 0MB fps: 37.5
22:26:23:909 (00006108) > [Input] Windows.Gaming.Input controller connected. index: 0
22:26:23:909 (00006108) > [Input] Gamepads connected: 0 -> 1
22:26:23:909 (00006108) > [Input] Gamepad for main player: 0
22:27:04:024 (00003640) > [Render] Quering NVAPI for GPU temperature
22:27:04:024 (00003640) > [Render] Working set: 2842MB Page file: 13245MB Video Budget: 6972MB Video Usage: 5616MB Sys Budget: 7489MB Sys Usage: 518MB Demoted: 0MB fps: 37.5
22:28:04:024 (00003640) > [Render] Quering NVAPI for GPU temperature
22:28:04:024 (00003640) > [Render] Working set: 2842MB Page file: 13245MB Video Budget: 6971MB Video Usage: 5616MB Sys Budget: 7489MB Sys Usage: 518MB Demoted: 0MB fps: 37.5
22:29:04:026 (00003640) > [Render] Quering NVAPI for GPU temperature
22:29:04:026 (00003640) > [Render] Working set: 2842MB Page file: 13246MB Video Budget: 6967MB Video Usage: 5616MB Sys Budget: 7489MB Sys Usage: 518MB Demoted: 0MB fps: 37.5
22:30:04:024 (00003640) > [Render] Quering NVAPI for GPU temperature
22:30:04:025 (00003640) > [Render] Working set: 2666MB Page file: 13246MB Video Budget: 6966MB Video Usage: 5616MB Sys Budget: 7489MB Sys Usage: 518MB Demoted: 0MB fps: 37.5
22:31:04:024 (00003640) > [Render] Quering NVAPI for GPU temperature
22:31:04:024 (00003640) > [Render] Working set: 2667MB Page file: 13246MB Video Budget: 6980MB Video Usage: 5616MB Sys Budget: 7489MB Sys Usage: 518MB Demoted: 0MB fps: 37.5
22:31:23:669 (00006108) > [Input] Windows.Gaming.Input controller disconnected, index: 0
22:31:23:669 (00006108) > [Input] Gamepads connected: 1 -> 0
22:31:23:669 (00006108) > [Input] Gamepad for main player: -1
22:32:04:024 (00003640) > [Render] Quering NVAPI for GPU temperature
22:32:04:024 (00003640) > [Render] Working set: 2667MB Page file: 13247MB Video Budget: 6968MB Video Usage: 5616MB Sys Budget: 7489MB Sys Usage: 518MB Demoted: 0MB fps: 37.5
22:32:48:170 (00006108) > [Input] Windows.Gaming.Input controller connected. index: 0
22:32:48:170 (00006108) > [Input] Gamepads connected: 0 -> 1
22:32:48:170 (00006108) > [Input] Gamepad for main player: 0
22:33:04:019 (00003640) > [Render] Quering NVAPI for GPU temperature
22:33:04:019 (00003640) > [Render] Working set: 2873MB Page file: 13801MB Video Budget: 6955MB Video Usage: 6104MB Sys Budget: 7489MB Sys Usage: 519MB Demoted: 0MB fps: 37.2
22:34:04:023 (00003640) > [Render] Quering NVAPI for GPU temperature
22:34:04:023 (00003640) > [Render] Working set: 3104MB Page file: 13305MB Video Budget: 6981MB Video Usage: 5608MB Sys Budget: 7489MB Sys Usage: 519MB Demoted: 0MB fps: 34.6
22:35:04:038 (00003640) > [Render] Quering NVAPI for GPU temperature
22:35:04:038 (00003640) > [Render] Working set: 2774MB Page file: 13526MB Video Budget: 6981MB Video Usage: 5766MB Sys Budget: 7489MB Sys Usage: 519MB Demoted: 0MB fps: 35.1
22:36:04:053 (00003640) > [Render] Quering NVAPI for GPU temperature
22:36:04:054 (00003640) > [Render] Working set: 2667MB Page file: 13353MB Video Budget: 7013MB Video Usage: 5738MB Sys Budget: 7489MB Sys Usage: 520MB Demoted: 0MB fps: 34.3
22:37:04:051 (00003640) > [Render] Quering NVAPI for GPU temperature
22:37:04:051 (00003640) > [Render] Working set: 2906MB Page file: 13778MB Video Budget: 7013MB Video Usage: 6099MB Sys Budget: 7489MB Sys Usage: 520MB Demoted: 0MB fps: 31.0
22:38:04:069 (00003640) > [Render] Quering NVAPI for GPU temperature
22:38:04:070 (00003640) > [Render] Working set: 2959MB Page file: 13814MB Video Budget: 7003MB Video Usage: 6089MB Sys Budget: 7489MB Sys Usage: 520MB Demoted: 0MB fps: 31.4
22:39:04:075 (00003640) > [Render] Quering NVAPI for GPU temperature
22:39:04:075 (00003640) > [Render] Working set: 2949MB Page file: 13450MB Video Budget: 7013MB Video Usage: 5754MB Sys Budget: 7489MB Sys Usage: 520MB Demoted: 0MB fps: 30.8
22:40:04:080 (00003640) > [Render] Quering NVAPI for GPU temperature
22:40:04:080 (00003640) > [Render] Working set: 2893MB Page file: 13446MB Video Budget: 6998MB Video Usage: 5751MB Sys Budget: 7489MB Sys Usage: 521MB Demoted: 0MB fps: 32.6
22:41:04:091 (00003640) > [Render] Quering NVAPI for GPU temperature
22:41:04:091 (00003640) > [Render] Working set: 3032MB Page file: 13771MB Video Budget: 7013MB Video Usage: 5839MB Sys Budget: 7489MB Sys Usage: 521MB Demoted: 0MB fps: 32.2
22:42:04:094 (00003640) > [Render] Quering NVAPI for GPU temperature
22:42:04:094 (00003640) > [Render] Working set: 2964MB Page file: 13682MB Video Budget: 7003MB Video Usage: 5882MB Sys Budget: 7489MB Sys Usage: 585MB Demoted: 0MB fps: 32.2
22:43:04:119 (00003640) > [Render] Quering NVAPI for GPU temperature
22:43:04:119 (00003640) > [Render] Working set: 2965MB Page file: 13524MB Video Budget: 7002MB Video Usage: 5758MB Sys Budget: 7489MB Sys Usage: 585MB Demoted: 0MB fps: 30.8
22:44:04:118 (00003640) > [Render] Quering NVAPI for GPU temperature
22:44:04:118 (00003640) > [Render] Working set: 3093MB Page file: 13995MB Video Budget: 7003MB Video Usage: 6153MB Sys Budget: 7489MB Sys Usage: 585MB Demoted: 0MB fps: 32.9
22:45:04:136 (00003640) > [Render] Quering NVAPI for GPU temperature
22:45:04:136 (00003640) > [Render] Working set: 3048MB Page file: 13472MB Video Budget: 7018MB Video Usage: 5743MB Sys Budget: 7489MB Sys Usage: 585MB Demoted: 0MB fps: 33.2
22:46:04:156 (00003640) > [Render] Quering NVAPI for GPU temperature
22:46:04:156 (00003640) > [Render] Working set: 3173MB Page file: 13945MB Video Budget: 7003MB Video Usage: 6165MB Sys Budget: 7489MB Sys Usage: 585MB Demoted: 0MB fps: 31.5
22:47:04:183 (00003640) > [Render] Quering NVAPI for GPU temperature
22:47:04:183 (00003640) > [Render] Working set: 2930MB Page file: 13377MB Video Budget: 7013MB Video Usage: 5738MB Sys Budget: 7489MB Sys Usage: 521MB Demoted: 0MB fps: 31.9
22:48:04:196 (00003640) > [Render] Quering NVAPI for GPU temperature
22:48:04:197 (00003640) > [Render] Working set: 3019MB Page file: 13844MB Video Budget: 7002MB Video Usage: 6152MB Sys Budget: 7489MB Sys Usage: 521MB Demoted: 0MB fps: 33.5
22:49:04:223 (00003640) > [Render] Quering NVAPI for GPU temperature
22:49:04:223 (00003640) > [Render] Working set: 3197MB Page file: 13840MB Video Budget: 7013MB Video Usage: 6146MB Sys Budget: 7489MB Sys Usage: 521MB Demoted: 0MB fps: 31.4
22:50:04:233 (00003640) > [Render] Quering NVAPI for GPU temperature
22:50:04:233 (00003640) > [Render] Working set: 3193MB Page file: 13900MB Video Budget: 7016MB Video Usage: 6156MB Sys Budget: 7489MB Sys Usage: 521MB Demoted: 0MB fps: 30.6
22:50:54:519 (00006108) > [Epic] Login expired for product user 0002c940259b4f788ced1c784e182d67
22:50:54:519 (00006108) > [Epic] Connected with token. Expires at 2026-01-08T15:52:54.822Z
22:50:55:355 (00006108) > [Epic] Successfully logged into epic product userid 0002c940259b4f788ced1c784e182d67
22:51:04:223 (00003640) > [Render] Quering NVAPI for GPU temperature
22:51:04:223 (00003640) > [Render] Working set: 3370MB Page file: 13911MB Video Budget: 7013MB Video Usage: 6089MB Sys Budget: 7489MB Sys Usage: 521MB Demoted: 0MB fps: 32.0
22:52:04:222 (00003640) > [Render] Quering NVAPI for GPU temperature
22:52:04:222 (00003640) > [Render] Working set: 3236MB Page file: 13423MB Video Budget: 7003MB Video Usage: 5651MB Sys Budget: 7489MB Sys Usage: 601MB Demoted: 0MB fps: 36.0
22:53:04:223 (00003640) > [Render] Quering NVAPI for GPU temperature
22:53:04:223 (00003640) > [Render] Working set: 3085MB Page file: 13407MB Video Budget: 7014MB Video Usage: 5651MB Sys Budget: 7489MB Sys Usage: 601MB Demoted: 0MB fps: 37.5
22:53:43:830 (00006108) > [Epic] WARNING: LogStomp: Received Stomp ERROR. Message=[{"correlationId":"2ed7af8e-922f-4e14-80db-d20b3b5f7cc8","timestamp":1767887623792,"statusCode":4019,"message":"The authentication token used for subscribing is no longer valid.","type":"core.connect.v1.connect-failed"}]
22:54:04:222 (00003640) > [Render] Quering NVAPI for GPU temperature
22:54:04:222 (00003640) > [Render] Working set: 3085MB Page file: 13406MB Video Budget: 7013MB Video Usage: 5651MB Sys Budget: 7489MB Sys Usage: 601MB Demoted: 0MB fps: 37.5
22:55:04:231 (00003640) > [Render] Quering NVAPI for GPU temperature
22:55:04:232 (00003640) > [Render] Working set: 3080MB Page file: 13443MB Video Budget: 7003MB Video Usage: 5686MB Sys Budget: 7489MB Sys Usage: 601MB Demoted: 0MB fps: 37.3
22:55:56:610 (00014248) > [SCE] PSPC watchdog.... reinitializing the sdk
22:55:56:618 (00006108) > [NxApp] Destroying
22:55:56:659 (00006108) > [NxFfx] Destroyed the FSR3 context.
22:55:56:659 (00006108) > [NxFfx] Released the frame interpolation swapchain.
22:55:56:659 (00006108) > [DXGI] Destroyed swapchain.
22:55:56:659 (00006108) > [SwapChain] Destroyed.
22:55:56:659 (00006108) > [SwapChain] Released.
22:55:56:687 (00006108) > [Render] Unloading NVAPI
22:55:56:687 (00006108) > [Render] Done unloading NVAPI
22:55:56:689 (00006108) > [DXGI] Destroyed swapchain.
22:55:56:689 (00006108) > [DXGI] Released.
--- NIXXES log closed ---
